<?xml version="1.0" encoding="UTF-8"?>
<testsuite xmlns:xsi="http://www.w3.org/2001/XMLSchema-instance" xsi:noNamespaceSchemaLocation="https://maven.apache.org/surefire/maven-surefire-plugin/xsd/surefire-test-report.xsd" name="cn.bj.TestMybatis" time="1.817" tests="2" errors="2" skipped="0" failures="0">
  <properties>
[...]
</properties>
  <testcase name="testInserStudent" classname="cn.bj.TestMybatis" time="1.736">
    <error message="&#10;### Error updating database.  Cause: com.mysql.jdbc.exceptions.jdbc4.MySQLSyntaxErrorException: Table &apos;sys.student&apos; doesn&apos;t exist&#10;### The error may exist in cn/bj/dao/StudentDao.xml&#10;### The error may involve defaultParameterMap&#10;### The error occurred while setting parameters&#10;### SQL: insert into student values(?,?,?,?);&#10;### Cause: com.mysql.jdbc.exceptions.jdbc4.MySQLSyntaxErrorException: Table &apos;sys.student&apos; doesn&apos;t exist" type="org.apache.ibatis.exceptions.PersistenceException">org.apache.ibatis.exceptions.PersistenceException: 

### Error updating database.  Cause: com.mysql.jdbc.exceptions.jdbc4.MySQLSyntaxErrorException: Table 'sys.student' doesn't exist
### The error may exist in cn/bj/dao/StudentDao.xml
### The error may involve defaultParameterMap
### The error occurred while setting parameters
### SQL: insert into student values(?,?,?,?);
### Cause: com.mysql.jdbc.exceptions.jdbc4.MySQLSyntaxErrorException: Table 'sys.student' doesn't exist
	at cn.bj.TestMybatis.testInserStudent(TestMybatis.java:103)
Caused by: com.mysql.jdbc.exceptions.jdbc4.MySQLSyntaxErrorException: Table 'sys.student' doesn't exist
	at cn.bj.TestMybatis.testInserStudent(TestMybatis.java:103)
</error>
    <system-out><![CDATA[Logging initialized using 'class org.apache.ibatis.logging.stdout.StdOutImpl' adapter.
PooledDataSource forcefully closed/removed all connections.
PooledDataSource forcefully closed/removed all connections.
PooledDataSource forcefully closed/removed all connections.
PooledDataSource forcefully closed/removed all connections.
Opening JDBC Connection
Created connection 1485697819.
Setting autocommit to false on JDBC Connection [com.mysql.jdbc.JDBC4Connection@588df31b]
==>  Preparing: insert into student values(?,?,?,?); 
==> Parameters: 1006(Integer), 盾山(String), dunshan@qq.com(String), 20(Integer)
]]></system-out>
    <system-err><![CDATA[Mon Jun 28 13:16:51 CST 2021 WARN: Establishing SSL connection without server's identity verification is not recommended. According to MySQL 5.5.45+, 5.6.26+ and 5.7.6+ requirements SSL connection must be established by default if explicit option isn't set. For compliance with existing applications not using SSL the verifyServerCertificate property is set to 'false'. You need either to explicitly disable SSL by setting useSSL=false, or set useSSL=true and provide truststore for server certificate verification.
]]></system-err>
  </testcase>
  <testcase name="testSelectStudent2" classname="cn.bj.TestMybatis" time="0.011">
    <error message="&#10;### Error querying database.  Cause: com.mysql.jdbc.exceptions.jdbc4.MySQLSyntaxErrorException: Table &apos;sys.student&apos; doesn&apos;t exist&#10;### The error may exist in cn/bj/dao/StudentDao.xml&#10;### The error may involve defaultParameterMap&#10;### The error occurred while setting parameters&#10;### SQL: select * from student where id=?&#10;### Cause: com.mysql.jdbc.exceptions.jdbc4.MySQLSyntaxErrorException: Table &apos;sys.student&apos; doesn&apos;t exist" type="org.apache.ibatis.exceptions.PersistenceException">org.apache.ibatis.exceptions.PersistenceException: 

### Error querying database.  Cause: com.mysql.jdbc.exceptions.jdbc4.MySQLSyntaxErrorException: Table 'sys.student' doesn't exist
### The error may exist in cn/bj/dao/StudentDao.xml
### The error may involve defaultParameterMap
### The error occurred while setting parameters
### SQL: select * from student where id=?
### Cause: com.mysql.jdbc.exceptions.jdbc4.MySQLSyntaxErrorException: Table 'sys.student' doesn't exist
	at cn.bj.TestMybatis.testSelectStudent2(TestMybatis.java:63)
Caused by: com.mysql.jdbc.exceptions.jdbc4.MySQLSyntaxErrorException: Table 'sys.student' doesn't exist
	at cn.bj.TestMybatis.testSelectStudent2(TestMybatis.java:63)
</error>
    <system-out><![CDATA[Cache Hit Ratio [cn.bj.dao.StudentDao]: 0.0
Opening JDBC Connection
Created connection 1890627974.
Setting autocommit to false on JDBC Connection [com.mysql.jdbc.JDBC4Connection@70b0b186]
==>  Preparing: select * from student where id=? 
==> Parameters: 1001(Integer)
]]></system-out>
    <system-err><![CDATA[Mon Jun 28 13:16:51 CST 2021 WARN: Establishing SSL connection without server's identity verification is not recommended. According to MySQL 5.5.45+, 5.6.26+ and 5.7.6+ requirements SSL connection must be established by default if explicit option isn't set. For compliance with existing applications not using SSL the verifyServerCertificate property is set to 'false'. You need either to explicitly disable SSL by setting useSSL=false, or set useSSL=true and provide truststore for server certificate verification.
]]></system-err>
  </testcase>
</testsuite>