<?xml version="1.0" encoding="UTF-8"?>
<testsuite xmlns:xsi="http://www.w3.org/2001/XMLSchema-instance" xsi:noNamespaceSchemaLocation="https://maven.apache.org/surefire/maven-surefire-plugin/xsd/surefire-test-report.xsd" name="cn.bj.TestMybatis" time="2.062" tests="8" errors="8" skipped="0" failures="0">
  <properties>
[...]
</properties>
  <testcase name="testSelectReturnMap" classname="cn.bj.TestMybatis" time="1.888">
    <error message="&#10;### Error querying database.  Cause: com.mysql.jdbc.exceptions.jdbc4.MySQLSyntaxErrorException: Table &apos;sys.student&apos; doesn&apos;t exist&#10;### The error may exist in cn/bj/dao/StudentDao.xml&#10;### The error may involve defaultParameterMap&#10;### The error occurred while setting parameters&#10;### SQL: select id,name,email,age from student where id=?;&#10;### Cause: com.mysql.jdbc.exceptions.jdbc4.MySQLSyntaxErrorException: Table &apos;sys.student&apos; doesn&apos;t exist" type="org.apache.ibatis.exceptions.PersistenceException">org.apache.ibatis.exceptions.PersistenceException: 

### Error querying database.  Cause: com.mysql.jdbc.exceptions.jdbc4.MySQLSyntaxErrorException: Table 'sys.student' doesn't exist
### The error may exist in cn/bj/dao/StudentDao.xml
### The error may involve defaultParameterMap
### The error occurred while setting parameters
### SQL: select id,name,email,age from student where id=?;
### Cause: com.mysql.jdbc.exceptions.jdbc4.MySQLSyntaxErrorException: Table 'sys.student' doesn't exist
	at cn.bj.TestMybatis.testSelectReturnMap(TestMybatis.java:44)
Caused by: com.mysql.jdbc.exceptions.jdbc4.MySQLSyntaxErrorException: Table 'sys.student' doesn't exist
	at cn.bj.TestMybatis.testSelectReturnMap(TestMybatis.java:44)
</error>
    <system-out><![CDATA[Logging initialized using 'class org.apache.ibatis.logging.stdout.StdOutImpl' adapter.
Class not found: org.jboss.vfs.VFS
JBoss 6 VFS API is not available in this environment.
Class not found: org.jboss.vfs.VirtualFile
VFS implementation org.apache.ibatis.io.JBoss6VFS is not valid in this environment.
Using VFS adapter org.apache.ibatis.io.DefaultVFS
Find JAR URL: file:/E:/mybatis-course/ch05-return-result/target/classes/cn/bj/domain
Not a JAR: file:/E:/mybatis-course/ch05-return-result/target/classes/cn/bj/domain
Reader entry: MyStudent.class
Reader entry: Student.class
Listing file:/E:/mybatis-course/ch05-return-result/target/classes/cn/bj/domain
Find JAR URL: file:/E:/mybatis-course/ch05-return-result/target/classes/cn/bj/domain/MyStudent.class
Not a JAR: file:/E:/mybatis-course/ch05-return-result/target/classes/cn/bj/domain/MyStudent.class
Reader entry: 漱壕&amp#0;&amp#0;&amp#0;4&amp#0;B
Find JAR URL: file:/E:/mybatis-course/ch05-return-result/target/classes/cn/bj/domain/Student.class
Not a JAR: file:/E:/mybatis-course/ch05-return-result/target/classes/cn/bj/domain/Student.class
Reader entry: 漱壕&amp#0;&amp#0;&amp#0;4&amp#0;B
Checking to see if class cn.bj.domain.MyStudent matches criteria [is assignable to Object]
Checking to see if class cn.bj.domain.Student matches criteria [is assignable to Object]
Find JAR URL: file:/E:/mybatis-course/ch05-return-result/target/classes/cn/bj/vo
Not a JAR: file:/E:/mybatis-course/ch05-return-result/target/classes/cn/bj/vo
Reader entry: QueueParam.class
Reader entry: ViewStudent.class
Listing file:/E:/mybatis-course/ch05-return-result/target/classes/cn/bj/vo
Find JAR URL: file:/E:/mybatis-course/ch05-return-result/target/classes/cn/bj/vo/QueueParam.class
Not a JAR: file:/E:/mybatis-course/ch05-return-result/target/classes/cn/bj/vo/QueueParam.class
Reader entry: 漱壕&amp#0;&amp#0;&amp#0;4&amp#0; 
Find JAR URL: file:/E:/mybatis-course/ch05-return-result/target/classes/cn/bj/vo/ViewStudent.class
Not a JAR: file:/E:/mybatis-course/ch05-return-result/target/classes/cn/bj/vo/ViewStudent.class
Reader entry: 漱壕&amp#0;&amp#0;&amp#0;4&amp#0;4
Checking to see if class cn.bj.vo.QueueParam matches criteria [is assignable to Object]
Checking to see if class cn.bj.vo.ViewStudent matches criteria [is assignable to Object]
PooledDataSource forcefully closed/removed all connections.
PooledDataSource forcefully closed/removed all connections.
PooledDataSource forcefully closed/removed all connections.
PooledDataSource forcefully closed/removed all connections.
Opening JDBC Connection
Created connection 1772160903.
Setting autocommit to false on JDBC Connection [com.mysql.jdbc.JDBC4Connection@69a10787]
==>  Preparing: select id,name,email,age from student where id=?; 
==> Parameters: 1005(Integer)
]]></system-out>
    <system-err><![CDATA[Mon Jun 28 13:16:52 CST 2021 WARN: Establishing SSL connection without server's identity verification is not recommended. According to MySQL 5.5.45+, 5.6.26+ and 5.7.6+ requirements SSL connection must be established by default if explicit option isn't set. For compliance with existing applications not using SSL the verifyServerCertificate property is set to 'false'. You need either to explicitly disable SSL by setting useSSL=false, or set useSSL=true and provide truststore for server certificate verification.
]]></system-err>
  </testcase>
  <testcase name="testSelectAllResultMap" classname="cn.bj.TestMybatis" time="0.032">
    <error message="&#10;### Error querying database.  Cause: com.mysql.jdbc.exceptions.jdbc4.MySQLSyntaxErrorException: Table &apos;sys.student&apos; doesn&apos;t exist&#10;### The error may exist in cn/bj/dao/StudentDao.xml&#10;### The error may involve defaultParameterMap&#10;### The error occurred while setting parameters&#10;### SQL: select id,name,email,age from student&#10;### Cause: com.mysql.jdbc.exceptions.jdbc4.MySQLSyntaxErrorException: Table &apos;sys.student&apos; doesn&apos;t exist" type="org.apache.ibatis.exceptions.PersistenceException">org.apache.ibatis.exceptions.PersistenceException: 

### Error querying database.  Cause: com.mysql.jdbc.exceptions.jdbc4.MySQLSyntaxErrorException: Table 'sys.student' doesn't exist
### The error may exist in cn/bj/dao/StudentDao.xml
### The error may involve defaultParameterMap
### The error occurred while setting parameters
### SQL: select id,name,email,age from student
### Cause: com.mysql.jdbc.exceptions.jdbc4.MySQLSyntaxErrorException: Table 'sys.student' doesn't exist
	at cn.bj.TestMybatis.testSelectAllResultMap(TestMybatis.java:52)
Caused by: com.mysql.jdbc.exceptions.jdbc4.MySQLSyntaxErrorException: Table 'sys.student' doesn't exist
	at cn.bj.TestMybatis.testSelectAllResultMap(TestMybatis.java:52)
</error>
    <system-out><![CDATA[Opening JDBC Connection
Created connection 192881625.
Setting autocommit to false on JDBC Connection [com.mysql.jdbc.JDBC4Connection@b7f23d9]
==>  Preparing: select id,name,email,age from student 
==> Parameters: 
]]></system-out>
    <system-err><![CDATA[Mon Jun 28 13:16:53 CST 2021 WARN: Establishing SSL connection without server's identity verification is not recommended. According to MySQL 5.5.45+, 5.6.26+ and 5.7.6+ requirements SSL connection must be established by default if explicit option isn't set. For compliance with existing applications not using SSL the verifyServerCertificate property is set to 'false'. You need either to explicitly disable SSL by setting useSSL=false, or set useSSL=true and provide truststore for server certificate verification.
]]></system-err>
  </testcase>
  <testcase name="testSelectLinkOne" classname="cn.bj.TestMybatis" time="0.032">
    <error message="&#10;### Error querying database.  Cause: com.mysql.jdbc.exceptions.jdbc4.MySQLSyntaxErrorException: Table &apos;sys.student&apos; doesn&apos;t exist&#10;### The error may exist in cn/bj/dao/StudentDao.xml&#10;### The error may involve defaultParameterMap&#10;### The error occurred while setting parameters&#10;### SQL: select id,name,email,age from student where name like ?&#10;### Cause: com.mysql.jdbc.exceptions.jdbc4.MySQLSyntaxErrorException: Table &apos;sys.student&apos; doesn&apos;t exist" type="org.apache.ibatis.exceptions.PersistenceException">org.apache.ibatis.exceptions.PersistenceException: 

### Error querying database.  Cause: com.mysql.jdbc.exceptions.jdbc4.MySQLSyntaxErrorException: Table 'sys.student' doesn't exist
### The error may exist in cn/bj/dao/StudentDao.xml
### The error may involve defaultParameterMap
### The error occurred while setting parameters
### SQL: select id,name,email,age from student where name like ?
### Cause: com.mysql.jdbc.exceptions.jdbc4.MySQLSyntaxErrorException: Table 'sys.student' doesn't exist
	at cn.bj.TestMybatis.testSelectLinkOne(TestMybatis.java:75)
Caused by: com.mysql.jdbc.exceptions.jdbc4.MySQLSyntaxErrorException: Table 'sys.student' doesn't exist
	at cn.bj.TestMybatis.testSelectLinkOne(TestMybatis.java:75)
</error>
    <system-out><![CDATA[Opening JDBC Connection
Created connection 1059063940.
Setting autocommit to false on JDBC Connection [com.mysql.jdbc.JDBC4Connection@3f200884]
==>  Preparing: select id,name,email,age from student where name like ? 
==> Parameters: %李%(String)
]]></system-out>
    <system-err><![CDATA[Mon Jun 28 13:16:53 CST 2021 WARN: Establishing SSL connection without server's identity verification is not recommended. According to MySQL 5.5.45+, 5.6.26+ and 5.7.6+ requirements SSL connection must be established by default if explicit option isn't set. For compliance with existing applications not using SSL the verifyServerCertificate property is set to 'false'. You need either to explicitly disable SSL by setting useSSL=false, or set useSSL=true and provide truststore for server certificate verification.
]]></system-err>
  </testcase>
  <testcase name="testSelectLinkTwo" classname="cn.bj.TestMybatis" time="0.012">
    <error message="&#10;### Error querying database.  Cause: com.mysql.jdbc.exceptions.jdbc4.MySQLSyntaxErrorException: Table &apos;sys.student&apos; doesn&apos;t exist&#10;### The error may exist in cn/bj/dao/StudentDao.xml&#10;### The error may involve defaultParameterMap&#10;### The error occurred while setting parameters&#10;### SQL: select id,name,email,age from student where name like &quot;%&quot; ? &quot;%&quot;&#10;### Cause: com.mysql.jdbc.exceptions.jdbc4.MySQLSyntaxErrorException: Table &apos;sys.student&apos; doesn&apos;t exist" type="org.apache.ibatis.exceptions.PersistenceException">org.apache.ibatis.exceptions.PersistenceException: 

### Error querying database.  Cause: com.mysql.jdbc.exceptions.jdbc4.MySQLSyntaxErrorException: Table 'sys.student' doesn't exist
### The error may exist in cn/bj/dao/StudentDao.xml
### The error may involve defaultParameterMap
### The error occurred while setting parameters
### SQL: select id,name,email,age from student where name like "%" ? "%"
### Cause: com.mysql.jdbc.exceptions.jdbc4.MySQLSyntaxErrorException: Table 'sys.student' doesn't exist
	at cn.bj.TestMybatis.testSelectLinkTwo(TestMybatis.java:83)
Caused by: com.mysql.jdbc.exceptions.jdbc4.MySQLSyntaxErrorException: Table 'sys.student' doesn't exist
	at cn.bj.TestMybatis.testSelectLinkTwo(TestMybatis.java:83)
</error>
    <system-out><![CDATA[Opening JDBC Connection
Created connection 1514840818.
Setting autocommit to false on JDBC Connection [com.mysql.jdbc.JDBC4Connection@5a4aa2f2]
==>  Preparing: select id,name,email,age from student where name like "%" ? "%" 
==> Parameters: 李(String)
]]></system-out>
    <system-err><![CDATA[Mon Jun 28 13:16:53 CST 2021 WARN: Establishing SSL connection without server's identity verification is not recommended. According to MySQL 5.5.45+, 5.6.26+ and 5.7.6+ requirements SSL connection must be established by default if explicit option isn't set. For compliance with existing applications not using SSL the verifyServerCertificate property is set to 'false'. You need either to explicitly disable SSL by setting useSSL=false, or set useSSL=true and provide truststore for server certificate verification.
]]></system-err>
  </testcase>
  <testcase name="testSelectResultType" classname="cn.bj.TestMybatis" time="0.007">
    <error message="&#10;### Error querying database.  Cause: com.mysql.jdbc.exceptions.jdbc4.MySQLSyntaxErrorException: Table &apos;sys.student&apos; doesn&apos;t exist&#10;### The error may exist in cn/bj/dao/StudentDao.xml&#10;### The error may involve defaultParameterMap&#10;### The error occurred while setting parameters&#10;### SQL: select count(*) from student&#10;### Cause: com.mysql.jdbc.exceptions.jdbc4.MySQLSyntaxErrorException: Table &apos;sys.student&apos; doesn&apos;t exist" type="org.apache.ibatis.exceptions.PersistenceException">org.apache.ibatis.exceptions.PersistenceException: 

### Error querying database.  Cause: com.mysql.jdbc.exceptions.jdbc4.MySQLSyntaxErrorException: Table 'sys.student' doesn't exist
### The error may exist in cn/bj/dao/StudentDao.xml
### The error may involve defaultParameterMap
### The error occurred while setting parameters
### SQL: select count(*) from student
### Cause: com.mysql.jdbc.exceptions.jdbc4.MySQLSyntaxErrorException: Table 'sys.student' doesn't exist
	at cn.bj.TestMybatis.testSelectResultType(TestMybatis.java:35)
Caused by: com.mysql.jdbc.exceptions.jdbc4.MySQLSyntaxErrorException: Table 'sys.student' doesn't exist
	at cn.bj.TestMybatis.testSelectResultType(TestMybatis.java:35)
</error>
    <system-out><![CDATA[Opening JDBC Connection
Created connection 1117509763.
Setting autocommit to false on JDBC Connection [com.mysql.jdbc.JDBC4Connection@429bd883]
==>  Preparing: select count(*) from student 
==> Parameters: 
]]></system-out>
    <system-err><![CDATA[Mon Jun 28 13:16:53 CST 2021 WARN: Establishing SSL connection without server's identity verification is not recommended. According to MySQL 5.5.45+, 5.6.26+ and 5.7.6+ requirements SSL connection must be established by default if explicit option isn't set. For compliance with existing applications not using SSL the verifyServerCertificate property is set to 'false'. You need either to explicitly disable SSL by setting useSSL=false, or set useSSL=true and provide truststore for server certificate verification.
]]></system-err>
  </testcase>
  <testcase name="testSelectMyStudent" classname="cn.bj.TestMybatis" time="0.006">
    <error message="&#10;### Error querying database.  Cause: com.mysql.jdbc.exceptions.jdbc4.MySQLSyntaxErrorException: Table &apos;sys.student&apos; doesn&apos;t exist&#10;### The error may exist in cn/bj/dao/StudentDao.xml&#10;### The error may involve defaultParameterMap&#10;### The error occurred while setting parameters&#10;### SQL: select id,name,email,age from student&#10;### Cause: com.mysql.jdbc.exceptions.jdbc4.MySQLSyntaxErrorException: Table &apos;sys.student&apos; doesn&apos;t exist" type="org.apache.ibatis.exceptions.PersistenceException">org.apache.ibatis.exceptions.PersistenceException: 

### Error querying database.  Cause: com.mysql.jdbc.exceptions.jdbc4.MySQLSyntaxErrorException: Table 'sys.student' doesn't exist
### The error may exist in cn/bj/dao/StudentDao.xml
### The error may involve defaultParameterMap
### The error occurred while setting parameters
### SQL: select id,name,email,age from student
### Cause: com.mysql.jdbc.exceptions.jdbc4.MySQLSyntaxErrorException: Table 'sys.student' doesn't exist
	at cn.bj.TestMybatis.testSelectMyStudent(TestMybatis.java:60)
Caused by: com.mysql.jdbc.exceptions.jdbc4.MySQLSyntaxErrorException: Table 'sys.student' doesn't exist
	at cn.bj.TestMybatis.testSelectMyStudent(TestMybatis.java:60)
</error>
    <system-out><![CDATA[Opening JDBC Connection
Created connection 1146147158.
Setting autocommit to false on JDBC Connection [com.mysql.jdbc.JDBC4Connection@4450d156]
==>  Preparing: select id,name,email,age from student 
==> Parameters: 
]]></system-out>
    <system-err><![CDATA[Mon Jun 28 13:16:53 CST 2021 WARN: Establishing SSL connection without server's identity verification is not recommended. According to MySQL 5.5.45+, 5.6.26+ and 5.7.6+ requirements SSL connection must be established by default if explicit option isn't set. For compliance with existing applications not using SSL the verifyServerCertificate property is set to 'false'. You need either to explicitly disable SSL by setting useSSL=false, or set useSSL=true and provide truststore for server certificate verification.
]]></system-err>
  </testcase>
  <testcase name="testSelectMyStudent2" classname="cn.bj.TestMybatis" time="0.007">
    <error message="&#10;### Error querying database.  Cause: com.mysql.jdbc.exceptions.jdbc4.MySQLSyntaxErrorException: Table &apos;sys.student&apos; doesn&apos;t exist&#10;### The error may exist in cn/bj/dao/StudentDao.xml&#10;### The error may involve defaultParameterMap&#10;### The error occurred while setting parameters&#10;### SQL: select id as myId,name as myName,email as myEmail,age as myAge from student&#10;### Cause: com.mysql.jdbc.exceptions.jdbc4.MySQLSyntaxErrorException: Table &apos;sys.student&apos; doesn&apos;t exist" type="org.apache.ibatis.exceptions.PersistenceException">org.apache.ibatis.exceptions.PersistenceException: 

### Error querying database.  Cause: com.mysql.jdbc.exceptions.jdbc4.MySQLSyntaxErrorException: Table 'sys.student' doesn't exist
### The error may exist in cn/bj/dao/StudentDao.xml
### The error may involve defaultParameterMap
### The error occurred while setting parameters
### SQL: select id as myId,name as myName,email as myEmail,age as myAge from student
### Cause: com.mysql.jdbc.exceptions.jdbc4.MySQLSyntaxErrorException: Table 'sys.student' doesn't exist
	at cn.bj.TestMybatis.testSelectMyStudent2(TestMybatis.java:67)
Caused by: com.mysql.jdbc.exceptions.jdbc4.MySQLSyntaxErrorException: Table 'sys.student' doesn't exist
	at cn.bj.TestMybatis.testSelectMyStudent2(TestMybatis.java:67)
</error>
    <system-out><![CDATA[Opening JDBC Connection
Created connection 2011482127.
Setting autocommit to false on JDBC Connection [com.mysql.jdbc.JDBC4Connection@77e4c80f]
==>  Preparing: select id as myId,name as myName,email as myEmail,age as myAge from student 
==> Parameters: 
]]></system-out>
    <system-err><![CDATA[Mon Jun 28 13:16:53 CST 2021 WARN: Establishing SSL connection without server's identity verification is not recommended. According to MySQL 5.5.45+, 5.6.26+ and 5.7.6+ requirements SSL connection must be established by default if explicit option isn't set. For compliance with existing applications not using SSL the verifyServerCertificate property is set to 'false'. You need either to explicitly disable SSL by setting useSSL=false, or set useSSL=true and provide truststore for server certificate verification.
]]></system-err>
  </testcase>
  <testcase name="testSelectViewStudent" classname="cn.bj.TestMybatis" time="0.019">
    <error message="&#10;### Error querying database.  Cause: com.mysql.jdbc.exceptions.jdbc4.MySQLSyntaxErrorException: Table &apos;sys.student&apos; doesn&apos;t exist&#10;### The error may exist in cn/bj/dao/StudentDao.xml&#10;### The error may involve defaultParameterMap&#10;### The error occurred while setting parameters&#10;### SQL: select id,name,email,age from student where id=?;&#10;### Cause: com.mysql.jdbc.exceptions.jdbc4.MySQLSyntaxErrorException: Table &apos;sys.student&apos; doesn&apos;t exist" type="org.apache.ibatis.exceptions.PersistenceException">org.apache.ibatis.exceptions.PersistenceException: 

### Error querying database.  Cause: com.mysql.jdbc.exceptions.jdbc4.MySQLSyntaxErrorException: Table 'sys.student' doesn't exist
### The error may exist in cn/bj/dao/StudentDao.xml
### The error may involve defaultParameterMap
### The error occurred while setting parameters
### SQL: select id,name,email,age from student where id=?;
### Cause: com.mysql.jdbc.exceptions.jdbc4.MySQLSyntaxErrorException: Table 'sys.student' doesn't exist
	at cn.bj.TestMybatis.testSelectViewStudent(TestMybatis.java:26)
Caused by: com.mysql.jdbc.exceptions.jdbc4.MySQLSyntaxErrorException: Table 'sys.student' doesn't exist
	at cn.bj.TestMybatis.testSelectViewStudent(TestMybatis.java:26)
</error>
    <system-out><![CDATA[Opening JDBC Connection
Created connection 1691538257.
Setting autocommit to false on JDBC Connection [com.mysql.jdbc.JDBC4Connection@64d2d351]
==>  Preparing: select id,name,email,age from student where id=?; 
==> Parameters: 1005(Integer)
]]></system-out>
    <system-err><![CDATA[Mon Jun 28 13:16:53 CST 2021 WARN: Establishing SSL connection without server's identity verification is not recommended. According to MySQL 5.5.45+, 5.6.26+ and 5.7.6+ requirements SSL connection must be established by default if explicit option isn't set. For compliance with existing applications not using SSL the verifyServerCertificate property is set to 'false'. You need either to explicitly disable SSL by setting useSSL=false, or set useSSL=true and provide truststore for server certificate verification.
]]></system-err>
  </testcase>
</testsuite>